Using pre-set license
Built from '2020.3/staging' branch; Version is '2020.3.4f1 (0abb6314276a) revision 703331'; Using compiler version '192528614'; Build Type 'Release'
OS: 'Windows 10 Home; OS build 19042.928; Version 2009; 64bit' Language: 'es' Physical Memory: 12163 MB
BatchMode: 1, IsHumanControllingUs: 0, StartBugReporterOnCrash: 0, Is64bit: 1, IsPro: 0

 COMMAND LINE ARGUMENTS:
C:\Program Files\Unity\Hub\Editor\2020.3.4f1\Editor\Unity.exe
-adb2
-batchMode
-noUpm
-name
AssetImportWorker0
-projectPath
C:/Users/ger-m/UnityProjects/pong
-logFile
Logs/AssetImportWorker0.log
-srvPort
1380
Successfully changed project path to: C:/Users/ger-m/UnityProjects/pong
C:/Users/ger-m/UnityProjects/pong
Using Asset Import Pipeline V2.
Refreshing native plugins compatible for Editor in 50.55 ms, found 0 plugins.
Preloading 0 native plugins for Editor in 0.00 ms.
Initialize engine version: 2020.3.4f1 (0abb6314276a)
[Subsystems] Discovering subsystems at path C:/Program Files/Unity/Hub/Editor/2020.3.4f1/Editor/Data/Resources/UnitySubsystems
[Subsystems] Discovering subsystems at path C:/Users/ger-m/UnityProjects/pong/Assets
GfxDevice: creating device client; threaded=0
Direct3D:
    Version:  Direct3D 11.0 [level 11.0]
    Renderer: NVIDIA GeForce 940MX (ID=0x134d)
    Vendor:   
    VRAM:     2010 MB
    Driver:   27.21.14.6627
Shader 'Universal Render Pipeline/Particles/Lit': fallback shader 'Universal Render Pipeline/Particles/SimpleLit' not found
Initialize mono
Mono path[0] = 'C:/Program Files/Unity/Hub/Editor/2020.3.4f1/Editor/Data/Managed'
Mono path[1] = 'C:/Program Files/Unity/Hub/Editor/2020.3.4f1/Editor/Data/MonoBleedingEdge/lib/mono/unityjit'
Mono config path = 'C:/Program Files/Unity/Hub/Editor/2020.3.4f1/Editor/Data/MonoBleedingEdge/etc'
Using monoOptions --debugger-agent=transport=dt_socket,embedding=1,server=y,suspend=n,address=127.0.0.1:56816
Begin MonoManager ReloadAssembly
Registering precompiled unity dll's ...
Register platform support module: C:/Program Files/Unity/Hub/Editor/2020.3.4f1/Editor/Data/PlaybackEngines/WindowsStandaloneSupport/UnityEditor.WindowsStandalone.Extensions.dll
Registered in 0.003859 seconds.
Native extension for WindowsStandalone target not found
Refreshing native plugins compatible for Editor in 96.79 ms, found 0 plugins.
Preloading 0 native plugins for Editor in 0.00 ms.
Mono: successfully reloaded assembly
- Completed reload, in  2.457 seconds
Platform modules already initialized, skipping
Registering precompiled user dll's ...
Registered in 0.001645 seconds.
Begin MonoManager ReloadAssembly
Native extension for WindowsStandalone target not found
Refreshing native plugins compatible for Editor in 99.03 ms, found 0 plugins.
Preloading 0 native plugins for Editor in 0.00 ms.
Mono: successfully reloaded assembly
- Completed reload, in  1.389 seconds
Platform modules already initialized, skipping
========================================================================
Worker process is ready to serve import requests
Shader 'Universal Render Pipeline/Particles/Lit': fallback shader 'Universal Render Pipeline/Particles/SimpleLit' not found
Launched and connected shader compiler UnityShaderCompiler.exe after 0.07 seconds
Refreshing native plugins compatible for Editor in 0.41 ms, found 0 plugins.
Preloading 0 native plugins for Editor in 0.00 ms.
Unloading 2498 Unused Serialized files (Serialized files now loaded: 0)
System memory in use before: 149.3 MB.
System memory in use after: 149.1 MB.

Unloading 13 unused Assets to reduce memory usage. Loaded Objects now: 2968.
Total: 3.799500 ms (FindLiveObjects: 0.479700 ms CreateObjectMapping: 0.284600 ms MarkObjects: 2.650700 ms  DeleteObjects: 0.382600 ms)

========================================================================
Received Import Request.
  path: Assets/Material/pelota.mat
  artifactKey: Guid(4b5344f1793035448ad80937820294b4) Importer(815301076,1909f56bfc062723c751e8b465ee728b)
Start importing Assets/Material/pelota.mat using Guid(4b5344f1793035448ad80937820294b4) Importer(815301076,1909f56bfc062723c751e8b465ee728b)  -> (artifact id: '6c73b76ceebe963dc0990e3737293e97') in 0.174041 seconds
  Import took 0.180725 seconds .

========================================================================
Received Import Request.
  Time since last request: 0.865652 seconds.
  path: Assets/scripts/EnviaPython.cs
  artifactKey: Guid(2aa9d4c422201a04798d2be7af0216e7) Importer(815301076,1909f56bfc062723c751e8b465ee728b)
Start importing Assets/scripts/EnviaPython.cs using Guid(2aa9d4c422201a04798d2be7af0216e7) Importer(815301076,1909f56bfc062723c751e8b465ee728b)  -> (artifact id: 'ba1bba1c5e3b21a45cfe7f485e07b22c') in 0.013473 seconds
  Import took 0.018753 seconds .

========================================================================
Received Import Request.
  Time since last request: 0.024298 seconds.
  path: Assets/scripts/EnviaPython.cs
  artifactKey: Guid(2aa9d4c422201a04798d2be7af0216e7) Importer(815301076,1909f56bfc062723c751e8b465ee728b)
Start importing Assets/scripts/EnviaPython.cs using Guid(2aa9d4c422201a04798d2be7af0216e7) Importer(815301076,1909f56bfc062723c751e8b465ee728b)  -> (artifact id: 'ba1bba1c5e3b21a45cfe7f485e07b22c') in 0.003263 seconds
  Import took 0.012108 seconds .

========================================================================
Received Prepare
Registering precompiled user dll's ...
Registered in 0.003367 seconds.
Begin MonoManager ReloadAssembly
Native extension for WindowsStandalone target not found
Refreshing native plugins compatible for Editor in 0.41 ms, found 0 plugins.
Preloading 0 native plugins for Editor in 0.00 ms.
Mono: successfully reloaded assembly
- Completed reload, in  1.146 seconds
Platform modules already initialized, skipping
Shader 'Universal Render Pipeline/Particles/Lit': fallback shader 'Universal Render Pipeline/Particles/SimpleLit' not found
Refreshing native plugins compatible for Editor in 0.50 ms, found 0 plugins.
Preloading 0 native plugins for Editor in 0.00 ms.
Unloading 2366 Unused Serialized files (Serialized files now loaded: 0)
System memory in use before: 140.1 MB.
System memory in use after: 139.9 MB.

Unloading 8 unused Assets to reduce memory usage. Loaded Objects now: 3011.
Total: 16.251400 ms (FindLiveObjects: 0.438500 ms CreateObjectMapping: 10.890300 ms MarkObjects: 4.439900 ms  DeleteObjects: 0.480800 ms)

========================================================================
Received Import Request.
  Time since last request: 91.472987 seconds.
  path: Assets/scripts/EnviaPython.cs
  artifactKey: Guid(2aa9d4c422201a04798d2be7af0216e7) Importer(815301076,1909f56bfc062723c751e8b465ee728b)
Start importing Assets/scripts/EnviaPython.cs using Guid(2aa9d4c422201a04798d2be7af0216e7) Importer(815301076,1909f56bfc062723c751e8b465ee728b)  -> (artifact id: '40d15a72681df2c2d160c96922161c30') in 0.007150 seconds
  Import took 0.016503 seconds .

========================================================================
Received Import Request.
  Time since last request: 92.520827 seconds.
  path: Assets/scripts/EnviaPython.cs
  artifactKey: Guid(2aa9d4c422201a04798d2be7af0216e7) Importer(815301076,1909f56bfc062723c751e8b465ee728b)
Start importing Assets/scripts/EnviaPython.cs using Guid(2aa9d4c422201a04798d2be7af0216e7) Importer(815301076,1909f56bfc062723c751e8b465ee728b)  -> (artifact id: '25a9e064bbe5c91308305ffcfbe72bb8') in 0.007712 seconds
  Import took 0.016194 seconds .

========================================================================
Received Import Request.
  Time since last request: 31.444089 seconds.
  path: Assets/scripts/EnviaPython.cs
  artifactKey: Guid(2aa9d4c422201a04798d2be7af0216e7) Importer(815301076,1909f56bfc062723c751e8b465ee728b)
Start importing Assets/scripts/EnviaPython.cs using Guid(2aa9d4c422201a04798d2be7af0216e7) Importer(815301076,1909f56bfc062723c751e8b465ee728b)  -> (artifact id: '3a24dcead47c99fb0a7179f8343d55ba') in 0.024297 seconds
  Import took 0.036173 seconds .

========================================================================
Received Import Request.
  Time since last request: 0.032145 seconds.
  path: Assets/scripts/EnviaPython.cs
  artifactKey: Guid(2aa9d4c422201a04798d2be7af0216e7) Importer(815301076,1909f56bfc062723c751e8b465ee728b)
Start importing Assets/scripts/EnviaPython.cs using Guid(2aa9d4c422201a04798d2be7af0216e7) Importer(815301076,1909f56bfc062723c751e8b465ee728b)  -> (artifact id: '3a24dcead47c99fb0a7179f8343d55ba') in 0.016175 seconds
  Import took 0.056199 seconds .

========================================================================
Received Import Request.
  Time since last request: 27.040845 seconds.
  path: Assets/scripts/EnviaPython.cs
  artifactKey: Guid(2aa9d4c422201a04798d2be7af0216e7) Importer(815301076,1909f56bfc062723c751e8b465ee728b)
Start importing Assets/scripts/EnviaPython.cs using Guid(2aa9d4c422201a04798d2be7af0216e7) Importer(815301076,1909f56bfc062723c751e8b465ee728b)  -> (artifact id: 'a43b5846dac5b1195c6b583016ca9709') in 0.010582 seconds
  Import took 0.027320 seconds .

========================================================================
Received Prepare
Registering precompiled user dll's ...
Registered in 0.016539 seconds.
Begin MonoManager ReloadAssembly
Native extension for WindowsStandalone target not found
Refreshing native plugins compatible for Editor in 0.42 ms, found 0 plugins.
Preloading 0 native plugins for Editor in 0.00 ms.
Mono: successfully reloaded assembly
- Completed reload, in  0.971 seconds
Platform modules already initialized, skipping
Shader 'Universal Render Pipeline/Particles/Lit': fallback shader 'Universal Render Pipeline/Particles/SimpleLit' not found
Refreshing native plugins compatible for Editor in 0.64 ms, found 0 plugins.
Preloading 0 native plugins for Editor in 0.00 ms.
Unloading 2366 Unused Serialized files (Serialized files now loaded: 0)
System memory in use before: 140.1 MB.
System memory in use after: 139.9 MB.

Unloading 8 unused Assets to reduce memory usage. Loaded Objects now: 3014.
Total: 2.808400 ms (FindLiveObjects: 0.362900 ms CreateObjectMapping: 0.152700 ms MarkObjects: 1.898400 ms  DeleteObjects: 0.393200 ms)

========================================================================
Received Import Request.
  Time since last request: 31.541291 seconds.
  path: Assets/scripts/EnviaPython.cs
  artifactKey: Guid(2aa9d4c422201a04798d2be7af0216e7) Importer(815301076,1909f56bfc062723c751e8b465ee728b)
Start importing Assets/scripts/EnviaPython.cs using Guid(2aa9d4c422201a04798d2be7af0216e7) Importer(815301076,1909f56bfc062723c751e8b465ee728b)  -> (artifact id: '255e0b04fe8ab7b7d0bcf7cc22478be4') in 0.005713 seconds
  Import took 0.012204 seconds .

========================================================================
Received Prepare
Registering precompiled user dll's ...
Registered in 0.001513 seconds.
Begin MonoManager ReloadAssembly
Native extension for WindowsStandalone target not found
Refreshing native plugins compatible for Editor in 0.48 ms, found 0 plugins.
Preloading 0 native plugins for Editor in 0.00 ms.
Mono: successfully reloaded assembly
- Completed reload, in  1.114 seconds
Platform modules already initialized, skipping
Shader 'Universal Render Pipeline/Particles/Lit': fallback shader 'Universal Render Pipeline/Particles/SimpleLit' not found
Refreshing native plugins compatible for Editor in 0.44 ms, found 0 plugins.
Preloading 0 native plugins for Editor in 0.00 ms.
Unloading 2366 Unused Serialized files (Serialized files now loaded: 0)
System memory in use before: 140.2 MB.
System memory in use after: 140.0 MB.

Unloading 8 unused Assets to reduce memory usage. Loaded Objects now: 3017.
Total: 3.989900 ms (FindLiveObjects: 0.578100 ms CreateObjectMapping: 0.185400 ms MarkObjects: 2.823100 ms  DeleteObjects: 0.401700 ms)

========================================================================
Received Prepare
Registering precompiled user dll's ...
Registered in 0.001621 seconds.
Begin MonoManager ReloadAssembly
Native extension for WindowsStandalone target not found
Refreshing native plugins compatible for Editor in 0.53 ms, found 0 plugins.
Preloading 0 native plugins for Editor in 0.00 ms.
Mono: successfully reloaded assembly
- Completed reload, in  1.044 seconds
Platform modules already initialized, skipping
Shader 'Universal Render Pipeline/Particles/Lit': fallback shader 'Universal Render Pipeline/Particles/SimpleLit' not found
Refreshing native plugins compatible for Editor in 0.41 ms, found 0 plugins.
Preloading 0 native plugins for Editor in 0.00 ms.
Unloading 2366 Unused Serialized files (Serialized files now loaded: 0)
System memory in use before: 140.1 MB.
System memory in use after: 140.0 MB.

Unloading 8 unused Assets to reduce memory usage. Loaded Objects now: 3020.
Total: 5.192000 ms (FindLiveObjects: 0.397500 ms CreateObjectMapping: 0.368700 ms MarkObjects: 3.459500 ms  DeleteObjects: 0.964700 ms)

========================================================================
Received Prepare
Registering precompiled user dll's ...
Registered in 0.002133 seconds.
Begin MonoManager ReloadAssembly
Native extension for WindowsStandalone target not found
Refreshing native plugins compatible for Editor in 0.46 ms, found 0 plugins.
Preloading 0 native plugins for Editor in 0.00 ms.
Mono: successfully reloaded assembly
- Completed reload, in  1.092 seconds
Platform modules already initialized, skipping
Shader 'Universal Render Pipeline/Particles/Lit': fallback shader 'Universal Render Pipeline/Particles/SimpleLit' not found
Refreshing native plugins compatible for Editor in 0.42 ms, found 0 plugins.
Preloading 0 native plugins for Editor in 0.00 ms.
Unloading 2366 Unused Serialized files (Serialized files now loaded: 0)
System memory in use before: 140.0 MB.
System memory in use after: 139.9 MB.

Unloading 8 unused Assets to reduce memory usage. Loaded Objects now: 3023.
Total: 5.002800 ms (FindLiveObjects: 0.469300 ms CreateObjectMapping: 0.212400 ms MarkObjects: 3.546100 ms  DeleteObjects: 0.772800 ms)

========================================================================
Received Prepare
Registering precompiled user dll's ...
Registered in 0.001422 seconds.
Begin MonoManager ReloadAssembly
Native extension for WindowsStandalone target not found
Refreshing native plugins compatible for Editor in 0.42 ms, found 0 plugins.
Preloading 0 native plugins for Editor in 0.00 ms.
Mono: successfully reloaded assembly
- Completed reload, in  0.942 seconds
Platform modules already initialized, skipping
Shader 'Universal Render Pipeline/Particles/Lit': fallback shader 'Universal Render Pipeline/Particles/SimpleLit' not found
Refreshing native plugins compatible for Editor in 0.41 ms, found 0 plugins.
Preloading 0 native plugins for Editor in 0.00 ms.
Unloading 2366 Unused Serialized files (Serialized files now loaded: 0)
System memory in use before: 140.2 MB.
System memory in use after: 140.0 MB.

Unloading 8 unused Assets to reduce memory usage. Loaded Objects now: 3026.
Total: 3.351500 ms (FindLiveObjects: 0.451300 ms CreateObjectMapping: 0.153500 ms MarkObjects: 2.290500 ms  DeleteObjects: 0.454700 ms)

========================================================================
Received Prepare
Registering precompiled user dll's ...
Registered in 0.001460 seconds.
Begin MonoManager ReloadAssembly
Native extension for WindowsStandalone target not found
Refreshing native plugins compatible for Editor in 0.41 ms, found 0 plugins.
Preloading 0 native plugins for Editor in 0.00 ms.
Mono: successfully reloaded assembly
- Completed reload, in  1.394 seconds
Platform modules already initialized, skipping
Shader 'Universal Render Pipeline/Particles/Lit': fallback shader 'Universal Render Pipeline/Particles/SimpleLit' not found
Refreshing native plugins compatible for Editor in 0.58 ms, found 0 plugins.
Preloading 0 native plugins for Editor in 0.00 ms.
Unloading 2366 Unused Serialized files (Serialized files now loaded: 0)
System memory in use before: 140.2 MB.
System memory in use after: 140.0 MB.

Unloading 8 unused Assets to reduce memory usage. Loaded Objects now: 3029.
Total: 13.804100 ms (FindLiveObjects: 0.540300 ms CreateObjectMapping: 1.144100 ms MarkObjects: 11.639800 ms  DeleteObjects: 0.477400 ms)

========================================================================
Received Prepare
Registering precompiled user dll's ...
Registered in 0.001759 seconds.
Begin MonoManager ReloadAssembly
Native extension for WindowsStandalone target not found
Refreshing native plugins compatible for Editor in 0.40 ms, found 0 plugins.
Preloading 0 native plugins for Editor in 0.00 ms.
Mono: successfully reloaded assembly
- Completed reload, in  1.091 seconds
Platform modules already initialized, skipping
Shader 'Universal Render Pipeline/Particles/Lit': fallback shader 'Universal Render Pipeline/Particles/SimpleLit' not found
Refreshing native plugins compatible for Editor in 0.44 ms, found 0 plugins.
Preloading 0 native plugins for Editor in 0.00 ms.
Unloading 2366 Unused Serialized files (Serialized files now loaded: 0)
System memory in use before: 140.2 MB.
System memory in use after: 140.0 MB.

Unloading 8 unused Assets to reduce memory usage. Loaded Objects now: 3032.
Total: 3.386200 ms (FindLiveObjects: 0.711800 ms CreateObjectMapping: 0.167700 ms MarkObjects: 2.072400 ms  DeleteObjects: 0.432900 ms)

========================================================================
Received Prepare
Registering precompiled user dll's ...
Registered in 0.003059 seconds.
Begin MonoManager ReloadAssembly
Native extension for WindowsStandalone target not found
Refreshing native plugins compatible for Editor in 0.70 ms, found 0 plugins.
Preloading 0 native plugins for Editor in 0.00 ms.
Mono: successfully reloaded assembly
- Completed reload, in  2.060 seconds
Platform modules already initialized, skipping
Shader 'Universal Render Pipeline/Particles/Lit': fallback shader 'Universal Render Pipeline/Particles/SimpleLit' not found
Refreshing native plugins compatible for Editor in 0.52 ms, found 0 plugins.
Preloading 0 native plugins for Editor in 0.00 ms.
Unloading 2366 Unused Serialized files (Serialized files now loaded: 0)
System memory in use before: 140.2 MB.
System memory in use after: 140.0 MB.

Unloading 8 unused Assets to reduce memory usage. Loaded Objects now: 3035.
Total: 5.797400 ms (FindLiveObjects: 0.693600 ms CreateObjectMapping: 0.277300 ms MarkObjects: 4.386100 ms  DeleteObjects: 0.437600 ms)

========================================================================
Received Prepare
Registering precompiled user dll's ...
Registered in 0.001450 seconds.
Begin MonoManager ReloadAssembly
Native extension for WindowsStandalone target not found
Refreshing native plugins compatible for Editor in 0.62 ms, found 0 plugins.
Preloading 0 native plugins for Editor in 0.00 ms.
Mono: successfully reloaded assembly
- Completed reload, in  1.135 seconds
Platform modules already initialized, skipping
Shader 'Universal Render Pipeline/Particles/Lit': fallback shader 'Universal Render Pipeline/Particles/SimpleLit' not found
Refreshing native plugins compatible for Editor in 0.53 ms, found 0 plugins.
Preloading 0 native plugins for Editor in 0.00 ms.
Unloading 2366 Unused Serialized files (Serialized files now loaded: 0)
System memory in use before: 140.1 MB.
System memory in use after: 139.9 MB.

Unloading 8 unused Assets to reduce memory usage. Loaded Objects now: 3038.
Total: 3.151100 ms (FindLiveObjects: 0.407100 ms CreateObjectMapping: 0.157200 ms MarkObjects: 2.139600 ms  DeleteObjects: 0.445500 ms)

========================================================================
Received Prepare
Registering precompiled user dll's ...
Registered in 0.001486 seconds.
Begin MonoManager ReloadAssembly
Native extension for WindowsStandalone target not found
Refreshing native plugins compatible for Editor in 0.42 ms, found 0 plugins.
Preloading 0 native plugins for Editor in 0.00 ms.
Mono: successfully reloaded assembly
- Completed reload, in  1.081 seconds
Platform modules already initialized, skipping
Shader 'Universal Render Pipeline/Particles/Lit': fallback shader 'Universal Render Pipeline/Particles/SimpleLit' not found
Refreshing native plugins compatible for Editor in 0.52 ms, found 0 plugins.
Preloading 0 native plugins for Editor in 0.00 ms.
Unloading 2366 Unused Serialized files (Serialized files now loaded: 0)
System memory in use before: 140.2 MB.
System memory in use after: 140.0 MB.

Unloading 8 unused Assets to reduce memory usage. Loaded Objects now: 3041.
Total: 5.994300 ms (FindLiveObjects: 0.862200 ms CreateObjectMapping: 0.524400 ms MarkObjects: 3.881300 ms  DeleteObjects: 0.723600 ms)

========================================================================
Received Prepare
Registering precompiled user dll's ...
Registered in 0.005142 seconds.
Begin MonoManager ReloadAssembly
Native extension for WindowsStandalone target not found
Refreshing native plugins compatible for Editor in 0.61 ms, found 0 plugins.
Preloading 0 native plugins for Editor in 0.00 ms.
Mono: successfully reloaded assembly
- Completed reload, in  1.182 seconds
Platform modules already initialized, skipping
Shader 'Universal Render Pipeline/Particles/Lit': fallback shader 'Universal Render Pipeline/Particles/SimpleLit' not found
Refreshing native plugins compatible for Editor in 0.90 ms, found 0 plugins.
Preloading 0 native plugins for Editor in 0.00 ms.
Unloading 2366 Unused Serialized files (Serialized files now loaded: 0)
System memory in use before: 140.2 MB.
System memory in use after: 140.0 MB.

Unloading 8 unused Assets to reduce memory usage. Loaded Objects now: 3044.
Total: 3.206100 ms (FindLiveObjects: 0.407300 ms CreateObjectMapping: 0.118700 ms MarkObjects: 2.232400 ms  DeleteObjects: 0.446300 ms)

========================================================================
Received Prepare
Registering precompiled user dll's ...
Registered in 0.002060 seconds.
Begin MonoManager ReloadAssembly
Native extension for WindowsStandalone target not found
Refreshing native plugins compatible for Editor in 0.49 ms, found 0 plugins.
Preloading 0 native plugins for Editor in 0.00 ms.
Mono: successfully reloaded assembly
- Completed reload, in  1.105 seconds
Platform modules already initialized, skipping
Shader 'Universal Render Pipeline/Particles/Lit': fallback shader 'Universal Render Pipeline/Particles/SimpleLit' not found
Refreshing native plugins compatible for Editor in 0.44 ms, found 0 plugins.
Preloading 0 native plugins for Editor in 0.00 ms.
Unloading 2366 Unused Serialized files (Serialized files now loaded: 0)
System memory in use before: 140.2 MB.
System memory in use after: 140.0 MB.

Unloading 8 unused Assets to reduce memory usage. Loaded Objects now: 3047.
Total: 5.111000 ms (FindLiveObjects: 0.447200 ms CreateObjectMapping: 0.208200 ms MarkObjects: 3.908300 ms  DeleteObjects: 0.545300 ms)

========================================================================
Received Prepare
Registering precompiled user dll's ...
Registered in 0.001898 seconds.
Begin MonoManager ReloadAssembly
Native extension for WindowsStandalone target not found
Refreshing native plugins compatible for Editor in 0.41 ms, found 0 plugins.
Preloading 0 native plugins for Editor in 0.00 ms.
Mono: successfully reloaded assembly
- Completed reload, in  1.102 seconds
Platform modules already initialized, skipping
Shader 'Universal Render Pipeline/Particles/Lit': fallback shader 'Universal Render Pipeline/Particles/SimpleLit' not found
Refreshing native plugins compatible for Editor in 0.43 ms, found 0 plugins.
Preloading 0 native plugins for Editor in 0.00 ms.
Unloading 2366 Unused Serialized files (Serialized files now loaded: 0)
System memory in use before: 140.2 MB.
System memory in use after: 140.0 MB.

Unloading 8 unused Assets to reduce memory usage. Loaded Objects now: 3050.
Total: 3.593100 ms (FindLiveObjects: 0.459600 ms CreateObjectMapping: 0.175200 ms MarkObjects: 2.409200 ms  DeleteObjects: 0.547300 ms)

========================================================================
Received Prepare
Registering precompiled user dll's ...
Registered in 0.001787 seconds.
Begin MonoManager ReloadAssembly
Native extension for WindowsStandalone target not found
Refreshing native plugins compatible for Editor in 0.42 ms, found 0 plugins.
Preloading 0 native plugins for Editor in 0.00 ms.
Mono: successfully reloaded assembly
- Completed reload, in  1.020 seconds
Platform modules already initialized, skipping
Shader 'Universal Render Pipeline/Particles/Lit': fallback shader 'Universal Render Pipeline/Particles/SimpleLit' not found
Refreshing native plugins compatible for Editor in 0.44 ms, found 0 plugins.
Preloading 0 native plugins for Editor in 0.00 ms.
Unloading 2366 Unused Serialized files (Serialized files now loaded: 0)
System memory in use before: 140.1 MB.
System memory in use after: 139.9 MB.

Unloading 8 unused Assets to reduce memory usage. Loaded Objects now: 3053.
Total: 3.906700 ms (FindLiveObjects: 0.574200 ms CreateObjectMapping: 0.191100 ms MarkObjects: 2.622100 ms  DeleteObjects: 0.518100 ms)

========================================================================
Received Prepare
Registering precompiled user dll's ...
Registered in 0.002369 seconds.
Begin MonoManager ReloadAssembly
Native extension for WindowsStandalone target not found
Refreshing native plugins compatible for Editor in 0.44 ms, found 0 plugins.
Preloading 0 native plugins for Editor in 0.00 ms.
Mono: successfully reloaded assembly
- Completed reload, in  1.170 seconds
Platform modules already initialized, skipping
Shader 'Universal Render Pipeline/Particles/Lit': fallback shader 'Universal Render Pipeline/Particles/SimpleLit' not found
Refreshing native plugins compatible for Editor in 0.90 ms, found 0 plugins.
Preloading 0 native plugins for Editor in 0.00 ms.
Unloading 2366 Unused Serialized files (Serialized files now loaded: 0)
System memory in use before: 140.2 MB.
System memory in use after: 140.0 MB.

Unloading 8 unused Assets to reduce memory usage. Loaded Objects now: 3056.
Total: 3.886900 ms (FindLiveObjects: 0.332900 ms CreateObjectMapping: 0.159600 ms MarkObjects: 2.740100 ms  DeleteObjects: 0.652200 ms)

========================================================================
Received Prepare
Registering precompiled user dll's ...
Registered in 0.001445 seconds.
Begin MonoManager ReloadAssembly
Native extension for WindowsStandalone target not found
Refreshing native plugins compatible for Editor in 0.41 ms, found 0 plugins.
Preloading 0 native plugins for Editor in 0.00 ms.
Mono: successfully reloaded assembly
- Completed reload, in  1.133 seconds
Platform modules already initialized, skipping
Shader 'Universal Render Pipeline/Particles/Lit': fallback shader 'Universal Render Pipeline/Particles/SimpleLit' not found
Refreshing native plugins compatible for Editor in 0.43 ms, found 0 plugins.
Preloading 0 native plugins for Editor in 0.00 ms.
Unloading 2366 Unused Serialized files (Serialized files now loaded: 0)
System memory in use before: 140.2 MB.
System memory in use after: 140.1 MB.

Unloading 8 unused Assets to reduce memory usage. Loaded Objects now: 3059.
Total: 3.804700 ms (FindLiveObjects: 0.376400 ms CreateObjectMapping: 0.159100 ms MarkObjects: 2.823200 ms  DeleteObjects: 0.443500 ms)

========================================================================
Received Prepare
Registering precompiled user dll's ...
Registered in 0.002306 seconds.
Begin MonoManager ReloadAssembly
Native extension for WindowsStandalone target not found
Refreshing native plugins compatible for Editor in 0.43 ms, found 0 plugins.
Preloading 0 native plugins for Editor in 0.00 ms.
Mono: successfully reloaded assembly
- Completed reload, in  1.048 seconds
Platform modules already initialized, skipping
Shader 'Universal Render Pipeline/Particles/Lit': fallback shader 'Universal Render Pipeline/Particles/SimpleLit' not found
Refreshing native plugins compatible for Editor in 0.47 ms, found 0 plugins.
Preloading 0 native plugins for Editor in 0.00 ms.
Unloading 2366 Unused Serialized files (Serialized files now loaded: 0)
System memory in use before: 140.2 MB.
System memory in use after: 140.1 MB.

Unloading 8 unused Assets to reduce memory usage. Loaded Objects now: 3062.
Total: 4.181200 ms (FindLiveObjects: 0.494100 ms CreateObjectMapping: 0.209000 ms MarkObjects: 2.961200 ms  DeleteObjects: 0.514600 ms)

========================================================================
Received Prepare
Registering precompiled user dll's ...
Registered in 0.001780 seconds.
Begin MonoManager ReloadAssembly
Native extension for WindowsStandalone target not found
Refreshing native plugins compatible for Editor in 0.44 ms, found 0 plugins.
Preloading 0 native plugins for Editor in 0.00 ms.
Mono: successfully reloaded assembly
- Completed reload, in  1.014 seconds
Platform modules already initialized, skipping
Shader 'Universal Render Pipeline/Particles/Lit': fallback shader 'Universal Render Pipeline/Particles/SimpleLit' not found
Refreshing native plugins compatible for Editor in 0.43 ms, found 0 plugins.
Preloading 0 native plugins for Editor in 0.00 ms.
Unloading 2366 Unused Serialized files (Serialized files now loaded: 0)
System memory in use before: 140.2 MB.
System memory in use after: 140.1 MB.

Unloading 8 unused Assets to reduce memory usage. Loaded Objects now: 3065.
Total: 4.047400 ms (FindLiveObjects: 0.451700 ms CreateObjectMapping: 0.174000 ms MarkObjects: 2.716400 ms  DeleteObjects: 0.703500 ms)

